<?xml version="1.0" encoding="utf-8"?><testsuites name="pytest tests"><testsuite name="pytest" errors="0" failures="0" skipped="0" tests="75" time="1.853" timestamp="2026-06-14T00:33:27.068439+00:00" hostname="agent-env-ad811f14-9b3a-4489-a38a-7a4a2bd2eeb6"><testcase classname="backend.tests.backend_test.TestHealth" name="test_health" time="0.234" /><testcase classname="backend.tests.backend_test.TestHealth" name="test_constants" time="0.048" /><testcase classname="backend.tests.backend_test.TestConsultorAnalyze" name="test_analyze_full_payload" time="0.049" /><testcase classname="backend.tests.backend_test.TestConsultorAnalyze" name="test_analyze_no_persist" time="0.044" /><testcase classname="backend.tests.backend_test.TestSeparatorBalance" name="test_calculate" time="0.045" /><testcase classname="backend.tests.backend_test.TestAnalyses" name="test_list" time="0.048" /><testcase classname="backend.tests.backend_test.TestAnalyses" name="test_detail" time="0.048" /><testcase classname="backend.tests.backend_test.TestAnalyses" name="test_memorial" time="0.113" /><testcase classname="backend.tests.backend_test.TestAnalyses" name="test_detail_404" time="0.045" /><testcase classname="backend.tests.backend_test.TestPVT" name="test_catalog_initial" time="0.046" /><testcase classname="backend.tests.backend_test.TestPVT" name="test_create_and_list" time="0.088" /><testcase classname="backend.tests.backend_test.TestImport" name="test_upload_valid" time="0.140" /><testcase classname="backend.tests.backend_test.TestImport" name="test_upload_invalid_ext" time="0.128" /><testcase classname="backend.tests.backend_test.TestImport" name="test_upload_empty_xlsx" time="0.133" /><testcase classname="backend.tests.backend_test.TestImport" name="test_upload_corrupt_xlsx" time="0.103" /><testcase classname="backend.tests.backend_test.TestImport" name="test_list_records" time="0.044" /><testcase classname="backend.tests.backend_test.TestValidation" name="test_negative_pressure_returns_422" time="0.083" /><testcase classname="backend.tests.backend_test.TestValidation" name="test_negative_qo_returns_422" time="0.044" /><testcase classname="backend.tests.backend_test.TestValidation" name="test_bsw_above_100_returns_422" time="0.044" /><testcase classname="backend.tests.backend_test.TestValidation" name="test_zero_sf_sep_tank_returns_422" time="0.046" /><testcase classname="backend.tests.test_calculations_unit.TestConstants" name="test_thirteen_keys" time="0.000" /><testcase classname="backend.tests.test_calculations_unit.TestConstants" name="test_t_std" time="0.000" /><testcase classname="backend.tests.test_calculations_unit.TestConstants" name="test_pressure_std" time="0.000" /><testcase classname="backend.tests.test_calculations_unit.TestConstants" name="test_fcs320_external" time="0.000" /><testcase classname="backend.tests.test_calculations_unit.TestConstants" name="test_eos_independent" time="0.000" /><testcase classname="backend.tests.test_calculations_unit" name="test_clamp" time="0.000" /><testcase classname="backend.tests.test_calculations_unit.TestClassifyEnvelope" name="test_apta_baixa_gvf_baixa_wlr" time="0.000" /><testcase classname="backend.tests.test_calculations_unit.TestClassifyEnvelope" name="test_restrita_por_gvf_alta" time="0.000" /><testcase classname="backend.tests.test_calculations_unit.TestClassifyEnvelope" name="test_restrita_por_wlr_alta" time="0.000" /><testcase classname="backend.tests.test_calculations_unit.TestClassifyEnvelope" name="test_restrita_por_combinacao" time="0.000" /><testcase classname="backend.tests.test_calculations_unit.TestClassifyEnvelope" name="test_fora_por_gvf_critica" time="0.000" /><testcase classname="backend.tests.test_calculations_unit.TestClassifyEnvelope" name="test_fora_por_wlr_critica" time="0.000" /><testcase classname="backend.tests.test_calculations_unit.TestClassifyEnvelope" name="test_fora_por_combinacao_critica" time="0.000" /><testcase classname="backend.tests.test_calculations_unit.TestClassifyIAJ" name="test_apta_iaj_alto_envelope_apta" time="0.000" /><testcase classname="backend.tests.test_calculations_unit.TestClassifyIAJ" name="test_restrita_quando_envelope_restrita" time="0.000" /><testcase classname="backend.tests.test_calculations_unit.TestClassifyIAJ" name="test_restrita_quando_iaj_baixo" time="0.000" /><testcase classname="backend.tests.test_calculations_unit.TestClassifyIAJ" name="test_bloqueada_quando_iaj_critico" time="0.000" /><testcase classname="backend.tests.test_calculations_unit.TestClassifyIAJ" name="test_bloqueada_quando_fora_envelope" time="0.000" /><testcase classname="backend.tests.test_calculations_unit.TestSeparatorBalance" name="test_default_separator_matches_analytical" time="0.000" /><testcase classname="backend.tests.test_calculations_unit.TestSeparatorBalance" name="test_zero_BSW" time="0.000" /><testcase classname="backend.tests.test_calculations_unit.TestSeparatorBalance" name="test_total_eq_oil_plus_gas_plus_water" time="0.000" /><testcase classname="backend.tests.test_calculations_unit.TestSeparatorBalance" name="test_partial_override_keeps_defaults" time="0.000" /><testcase classname="backend.tests.test_calculations_unit.TestSeparatorBalance" name="test_empty_dict_falls_back_to_defaults" time="0.000" /><testcase classname="backend.tests.test_calculations_unit.TestEstimateMpfmMasses" name="test_default_input" time="0.000" /><testcase classname="backend.tests.test_calculations_unit.TestEstimateMpfmMasses" name="test_gas_lift_subtracts_from_gas" time="0.000" /><testcase classname="backend.tests.test_calculations_unit.TestEstimateMpfmMasses" name="test_gas_lift_larger_than_qg_floors_at_zero" time="0.000" /><testcase classname="backend.tests.test_calculations_unit.TestDeviations" name="test_zero_when_equal" time="0.000" /><testcase classname="backend.tests.test_calculations_unit.TestDeviations" name="test_positive_when_mpfm_above_ref" time="0.000" /><testcase classname="backend.tests.test_calculations_unit.TestDeviations" name="test_ref_zero_returns_zero" time="0.000" /><testcase classname="backend.tests.test_calculations_unit.TestNormalizedError" name="test_zero_when_equal" time="0.000" /><testcase classname="backend.tests.test_calculations_unit.TestNormalizedError" name="test_known_value" time="0.000" /><testcase classname="backend.tests.test_calculations_unit.TestNormalizedError" name="test_negative_when_below" time="0.000" /><testcase classname="backend.tests.test_calculations_unit.TestNormalizedError" name="test_zero_uncertainties_returns_zero" time="0.000" /><testcase classname="backend.tests.test_calculations_unit.TestCalculateIAJ" name="test_perfect_window" time="0.000" /><testcase classname="backend.tests.test_calculations_unit.TestCalculateIAJ" name="test_gas_lift_absent_subtracts_4" time="0.000" /><testcase classname="backend.tests.test_calculations_unit.TestCalculateIAJ" name="test_envelope_restrita_subtracts_18" time="0.000" /><testcase classname="backend.tests.test_calculations_unit.TestCalculateIAJ" name="test_envelope_fora_subtracts_42" time="0.000" /><testcase classname="backend.tests.test_calculations_unit.TestCalculateIAJ" name="test_high_gvf_penalty" time="0.000" /><testcase classname="backend.tests.test_calculations_unit.TestCalculateIAJ" name="test_high_wlr_penalty" time="0.000" /><testcase classname="backend.tests.test_calculations_unit.TestCalculateIAJ" name="test_hc_dev_over_limit" time="0.000" /><testcase classname="backend.tests.test_calculations_unit.TestCalculateIAJ" name="test_iaj_floors_at_zero" time="0.000" /><testcase classname="backend.tests.test_calculations_unit.TestCalculateIAJ" name="test_iaj_ceils_at_hundred" time="0.000" /><testcase classname="backend.tests.test_calculations_unit.TestBuildAlerts" name="test_gas_lift_absent_generates_alert" time="0.000" /><testcase classname="backend.tests.test_calculations_unit.TestBuildAlerts" name="test_route_inferred_always_alert" time="0.000" /><testcase classname="backend.tests.test_calculations_unit.TestBuildAlerts" name="test_en_above_one_is_bad" time="0.000" /><testcase classname="backend.tests.test_calculations_unit.TestBuildAlerts" name="test_en_below_one_is_ok" time="0.000" /><testcase classname="backend.tests.test_calculations_unit.TestBuildAlerts" name="test_high_gvf_alert" time="0.000" /><testcase classname="backend.tests.test_calculations_unit.TestAnalyze" name="test_default_v4_inputs" time="0.000" /><testcase classname="backend.tests.test_calculations_unit.TestAnalyze" name="test_gas_lift_provided_changes_lineage" time="0.000" /><testcase classname="backend.tests.test_calculations_unit.TestAnalyze" name="test_factor_suggested_eq_ratio" time="0.000" /><testcase classname="backend.tests.test_calculations_unit.TestAnalyze" name="test_zero_qo_returns_zero_gor" time="0.000" /><testcase classname="backend.tests.test_calculations_unit.TestAnalyze" name="test_zero_inputs_safe" time="0.000" /><testcase classname="backend.tests.test_calculations_unit.TestBuildMemorial" name="test_sections_present" time="0.000" /><testcase classname="backend.tests.test_calculations_unit.TestBuildMemorial" name="test_memorial_contains_key_quantities" time="0.000" /><testcase classname="backend.tests.test_calculations_unit.TestBuildMemorial" name="test_memorial_declares_limitations" time="0.001" /></testsuite></testsuites>